<?xml version="1.0" encoding="UTF-8"?>
<!-- Generated by org.testng.reporters.JUnitReportReporter -->
<testsuite hostname="DESKTOP-L05GFEH" failures="0" tests="2" name="TesTclass" time="10.087" errors="0" timestamp="2023-04-03T18:48:04 CDT" skipped="0">
  <testcase classname="TesTclass" name="negLoginTest" time="5.690"/>
  <system-out/>
  <testcase classname="TesTclass" name="loginTest" time="4.397"/>
  <system-out/>
</testsuite> <!-- TesTclass -->
