<?xml version="1.0" encoding="UTF-8"?>
<!-- Generated by org.testng.reporters.JUnitReportReporter -->
<testsuite hostname="DESKTOP-L05GFEH" failures="0" tests="2" name="testngapp.MyTestNG" time="6.251" errors="0" timestamp="2023-04-03T20:23:02 CDT" skipped="0">
  <testcase classname="testngapp.MyTestNG" name="negLoginTest" time="3.039"/>
  <system-out/>
  <testcase classname="testngapp.MyTestNG" name="loginTest" time="3.212"/>
  <system-out/>
</testsuite> <!-- testngapp.MyTestNG -->
